<?xml version="1.0" encoding="UTF-8"?>
<testng-results skipped="0" failed="0" total="1" passed="1">
  <reporter-output>
  </reporter-output>
  <suite name="Default suite" duration-ms="8991" started-at="2020-02-14T06:51:11Z" finished-at="2020-02-14T06:51:20Z">
    <groups>
    </groups>
    <test name="Default test" duration-ms="8991" started-at="2020-02-14T06:51:11Z" finished-at="2020-02-14T06:51:20Z">
      <class name="com.tst.test.ProductPageTest">
        <test-method status="PASS" signature="VerifyProductAddToCart()[pri:0, instance:com.tst.test.ProductPageTest@4a7f959b]" name="VerifyProductAddToCart" duration-ms="8943" started-at="2020-02-14T12:21:11Z" finished-at="2020-02-14T12:21:20Z">
          <reporter-output>
          </reporter-output>
        </test-method> <!-- VerifyProductAddToCart -->
      </class> <!-- com.tst.test.ProductPageTest -->
    </test> <!-- Default test -->
  </suite> <!-- Default suite -->
</testng-results>
